<?xml version="1.0" encoding="UTF-8"?>
<testng-results skipped="0" failed="0" ignored="0" total="1" passed="1">
  <reporter-output>
  </reporter-output>
  <suite name="Default suite" duration-ms="12541" started-at="2021-12-05T18:00:49Z" finished-at="2021-12-05T18:01:02Z">
    <groups>
    </groups>
    <test name="Default test" duration-ms="12541" started-at="2021-12-05T18:00:49Z" finished-at="2021-12-05T18:01:02Z">
      <class name="home.HomeTest">
        <test-method status="PASS" signature="setup()[pri:0, instance:home.HomeTest@6fd02e5]" name="setup" is-config="true" duration-ms="8839" started-at="2021-12-05T23:30:49Z" finished-at="2021-12-05T23:30:58Z">
          <reporter-output>
          </reporter-output>
        </test-method> <!-- setup -->
        <test-method status="PASS" signature="verifyHyperLinks()[pri:0, instance:home.HomeTest@6fd02e5]" name="verifyHyperLinks" duration-ms="3632" started-at="2021-12-05T23:30:58Z" finished-at="2021-12-05T23:31:01Z">
          <reporter-output>
          </reporter-output>
        </test-method> <!-- verifyHyperLinks -->
        <test-method status="PASS" signature="afterTest()[pri:0, instance:home.HomeTest@6fd02e5]" name="afterTest" is-config="true" duration-ms="51" started-at="2021-12-05T23:31:01Z" finished-at="2021-12-05T23:31:02Z">
          <reporter-output>
          </reporter-output>
        </test-method> <!-- afterTest -->
      </class> <!-- home.HomeTest -->
    </test> <!-- Default test -->
  </suite> <!-- Default suite -->
</testng-results>
